2014-03-29 22:41:51,979 DEBUG S3 Server: LIST Server
2014-03-29 22:41:51,986 DEBUG S3 Server: CREATE Bucket test
2014-03-29 22:41:52,019 DEBUG S3 Server: LIST Server
2014-03-29 22:41:52,022 DEBUG S3 Server: PUT Object test/helloworld
2014-03-29 22:41:52,025 DEBUG S3 Server: LIST Bucket test
2014-03-29 22:41:52,028 DEBUG S3 Server: GET Object test/helloworld
2014-03-29 22:41:52,034 DEBUG S3 Server: DELETE Object test/helloworld
2014-03-29 22:41:52,036 DEBUG S3 Server: LIST Bucket test
2014-03-29 22:41:52,047 DEBUG S3 Server: DELETE Bucket test
2014-03-29 22:41:52,048 DEBUG S3 Server: LIST Server
2014-03-29 22:42:05,345 DEBUG S3 Server: LIST Server
2014-03-30 15:30:42,808 DEBUG S3 Server: LIST Bucket gui
2014-03-30 15:30:45,101 DEBUG S3 Server: LIST Server
2015-03-19 19:33:39,364 DEBUG S3 Server: LIST Server
2015-03-19 19:33:39,369 DEBUG S3 Server: CREATE Bucket test2
2015-03-19 19:33:39,371 DEBUG S3 Server: LIST Server
2015-03-19 19:33:39,374 DEBUG S3 Server: PUT Object test2/helloworld
2015-03-19 19:33:39,375 DEBUG S3 Server: LIST Bucket test2
2015-03-19 19:33:39,377 DEBUG S3 Server: GET Object test2/helloworld
2015-03-19 19:33:39,378 DEBUG S3 Server: DELETE Object test2/helloworld
2015-03-19 19:33:39,379 DEBUG S3 Server: LIST Bucket test2
2015-03-19 19:33:39,380 DEBUG S3 Server: LIST Server
2015-03-19 21:00:10,159 DEBUG S3 Server: LIST Server
2015-03-19 21:00:10,164 DEBUG S3 Server: CREATE Bucket test2
2015-03-19 21:00:10,166 DEBUG S3 Server: LIST Server
2015-03-19 21:00:10,168 DEBUG S3 Server: PUT Object test2/helloworld
2015-03-19 21:00:10,169 DEBUG S3 Server: LIST Bucket test2
2015-03-19 21:00:10,171 DEBUG S3 Server: GET Object test2/helloworld
2015-03-19 21:00:10,173 DEBUG S3 Server: DELETE Object test2/helloworld
2015-03-19 21:00:10,176 DEBUG S3 Server: LIST Bucket test2
2015-03-19 21:00:10,178 DEBUG S3 Server: LIST Server
2015-12-10 15:21:28,382 DEBUG S3 Server: CREATE Bucket cloudfs
2015-12-10 15:21:59,159 DEBUG S3 Server: CREATE Bucket cloudfs
2015-12-10 16:23:47,584 DEBUG S3 Server: CREATE Bucket cloudfs
2015-12-10 16:48:33,155 DEBUG S3 Server: CREATE Bucket cloudfs
2015-12-10 17:05:14,024 DEBUG S3 Server: CREATE Bucket cloudfs
2015-12-10 17:05:53,064 DEBUG S3 Server: CREATE Bucket cloudfs
2015-12-10 17:37:57,568 DEBUG S3 Server: CREATE Bucket cloudfs
2015-12-10 17:38:57,113 DEBUG S3 Server: CREATE Bucket cloudfs
2015-12-10 17:42:22,825 DEBUG S3 Server: CREATE Bucket cloudfs
2015-12-10 17:57:07,474 DEBUG S3 Server: CREATE Bucket cloudfs
2015-12-10 18:11:50,707 DEBUG S3 Server: CREATE Bucket cloudfs
2015-12-10 18:28:49,668 DEBUG S3 Server: CREATE Bucket cloudfs
2015-12-10 18:38:21,506 DEBUG S3 Server: CREATE Bucket cloudfs
2015-12-10 18:54:36,268 DEBUG S3 Server: CREATE Bucket cloudfs
2015-12-10 18:57:23,708 DEBUG S3 Server: CREATE Bucket cloudfs
2015-12-10 18:57:41,494 DEBUG S3 Server: CREATE Bucket cloudfs
2015-12-10 19:02:09,334 DEBUG S3 Server: CREATE Bucket cloudfs
2015-12-10 19:02:56,650 DEBUG S3 Server: CREATE Bucket cloudfs
2015-12-10 19:05:43,871 DEBUG S3 Server: CREATE Bucket cloudfs
2015-12-10 19:07:00,182 DEBUG S3 Server: CREATE Bucket cloudfs
2015-12-10 19:11:56,074 DEBUG S3 Server: CREATE Bucket cloudfs
2015-12-10 19:17:57,261 DEBUG S3 Server: CREATE Bucket cloudfs
2015-12-10 19:21:52,874 DEBUG S3 Server: CREATE Bucket cloudfs
2015-12-10 19:24:45,142 DEBUG S3 Server: CREATE Bucket cloudfs
2015-12-10 19:26:28,882 DEBUG S3 Server: CREATE Bucket cloudfs
2015-12-10 19:57:10,484 DEBUG S3 Server: CREATE Bucket cloudfs
2015-12-10 20:10:44,049 DEBUG S3 Server: CREATE Bucket cloudfs
2015-12-10 22:35:49,742 DEBUG S3 Server: CREATE Bucket cloudfs
2015-12-10 22:35:51,908 DEBUG S3 Server: PUT Object cloudfs/snapshot_0.tar
2015-12-10 22:44:15,945 DEBUG S3 Server: CREATE Bucket cloudfs
2015-12-10 22:44:17,813 DEBUG S3 Server: PUT Object cloudfs/snapshot_592340858.tar
2015-12-10 22:46:19,478 DEBUG S3 Server: CREATE Bucket cloudfs
2015-12-10 22:46:20,849 DEBUG S3 Server: PUT Object cloudfs/snapshot_715377552.tar
2015-12-10 22:47:23,092 DEBUG S3 Server: PUT Object cloudfs/0
2015-12-10 22:47:23,108 DEBUG S3 Server: PUT Object cloudfs/1
2015-12-10 22:47:31,598 DEBUG S3 Server: PUT Object cloudfs/2
2015-12-10 22:47:48,213 DEBUG S3 Server: PUT Object cloudfs/3
2015-12-10 22:47:48,229 DEBUG S3 Server: PUT Object cloudfs/4
2015-12-10 22:49:04,207 DEBUG S3 Server: PUT Object cloudfs/snapshot_878735184.tar
2015-12-10 22:56:12,128 DEBUG S3 Server: PUT Object cloudfs/5
2015-12-10 23:06:57,436 DEBUG S3 Server: PUT Object cloudfs/snapshot_1951963786.tar
2015-12-10 23:09:17,917 DEBUG S3 Server: CREATE Bucket cloudfs
2015-12-10 23:09:43,604 DEBUG S3 Server: PUT Object cloudfs/0
2015-12-10 23:09:43,619 DEBUG S3 Server: PUT Object cloudfs/1
2015-12-10 23:10:10,386 DEBUG S3 Server: PUT Object cloudfs/snapshot_2144914549.tar
2015-12-10 23:40:17,838 DEBUG S3 Server: CREATE Bucket cloudfs
2015-12-10 23:40:28,823 DEBUG S3 Server: PUT Object cloudfs/0
2015-12-10 23:40:28,838 DEBUG S3 Server: PUT Object cloudfs/1
2015-12-10 23:40:32,651 DEBUG S3 Server: PUT Object cloudfs/snapshot_18446744073381762938.tar
2015-12-10 23:42:29,322 DEBUG S3 Server: CREATE Bucket cloudfs
2015-12-10 23:42:34,496 DEBUG S3 Server: PUT Object cloudfs/0
2015-12-10 23:42:34,511 DEBUG S3 Server: PUT Object cloudfs/1
2015-12-10 23:42:48,008 DEBUG S3 Server: PUT Object cloudfs/snapshot_18446744073517119887.tar
2015-12-11 01:36:52,345 DEBUG S3 Server: CREATE Bucket cloudfs
2015-12-11 01:36:54,194 DEBUG S3 Server: PUT Object cloudfs/snapshot_10130914189524876487.tar
2015-12-11 01:37:00,996 DEBUG S3 Server: PUT Object cloudfs/0
2015-12-11 01:37:01,014 DEBUG S3 Server: PUT Object cloudfs/1
2015-12-11 01:37:05,871 DEBUG S3 Server: PUT Object cloudfs/snapshot_10181071307245514345.tar
2015-12-11 01:40:32,070 DEBUG S3 Server: CREATE Bucket cloudfs
2015-12-11 01:40:34,691 DEBUG S3 Server: PUT Object cloudfs/snapshot_2412055937.tar
2015-12-11 01:40:36,069 DEBUG S3 Server: PUT Object cloudfs/0
2015-12-11 01:40:36,084 DEBUG S3 Server: PUT Object cloudfs/1
2015-12-11 01:40:40,035 DEBUG S3 Server: PUT Object cloudfs/snapshot_2412061282.tar
2015-12-11 02:05:21,772 DEBUG S3 Server: PUT Object cloudfs/snapshot_2413543018.tar
2015-12-11 02:07:00,185 DEBUG S3 Server: PUT Object cloudfs/snapshot_2413641432.tar
2015-12-11 02:08:58,481 DEBUG S3 Server: PUT Object cloudfs/snapshot_2413759727.tar
2015-12-11 02:09:12,566 DEBUG S3 Server: PUT Object cloudfs/snapshot_2413773812.tar
2015-12-11 02:09:25,633 DEBUG S3 Server: PUT Object cloudfs/snapshot_2413786879.tar
2015-12-11 02:10:19,427 DEBUG S3 Server: PUT Object cloudfs/snapshot_2413840673.tar
2015-12-11 02:11:13,037 DEBUG S3 Server: PUT Object cloudfs/snapshot_2413894284.tar
2015-12-11 02:17:59,623 DEBUG S3 Server: CREATE Bucket cloudfs
2015-12-11 02:19:47,395 DEBUG S3 Server: PUT Object cloudfs/snapshot_2414408641.tar
2015-12-11 02:19:55,495 DEBUG S3 Server: PUT Object cloudfs/snapshot_2414416742.tar
2015-12-11 02:57:06,277 DEBUG S3 Server: CREATE Bucket cloudfs
2015-12-11 02:57:11,346 DEBUG S3 Server: PUT Object cloudfs/snapshot_2416652592.tar
2015-12-11 02:57:14,456 DEBUG S3 Server: PUT Object cloudfs/0
2015-12-11 02:57:14,471 DEBUG S3 Server: PUT Object cloudfs/1
2015-12-11 02:57:15,911 DEBUG S3 Server: PUT Object cloudfs/snapshot_2416657158.tar
2015-12-11 02:58:47,124 DEBUG S3 Server: GET Object cloudfs/snapshot_2416657158.tar
2015-12-11 03:06:14,053 DEBUG S3 Server: GET Object cloudfs/snapshot_2414416742.tar
2015-12-11 03:07:00,395 DEBUG S3 Server: GET Object cloudfs/snapshot_2416652592.tar
2015-12-11 03:07:25,711 DEBUG S3 Server: CREATE Bucket cloudfs
2015-12-11 03:07:31,329 DEBUG S3 Server: PUT Object cloudfs/snapshot_2417272575.tar
2015-12-11 03:07:39,579 DEBUG S3 Server: PUT Object cloudfs/0
2015-12-11 03:07:39,596 DEBUG S3 Server: PUT Object cloudfs/1
2015-12-11 03:07:41,438 DEBUG S3 Server: PUT Object cloudfs/snapshot_2417282684.tar
2015-12-11 03:08:53,413 DEBUG S3 Server: GET Object cloudfs/snapshot_2417282684.tar
2015-12-11 03:09:47,761 DEBUG S3 Server: GET Object cloudfs/snapshot_2417272575.tar
2015-12-11 03:12:14,752 DEBUG S3 Server: CREATE Bucket cloudfs
2015-12-11 03:13:41,519 DEBUG S3 Server: PUT Object cloudfs/snapshot_2417642766.tar
2015-12-11 03:13:46,472 DEBUG S3 Server: PUT Object cloudfs/0
2015-12-11 03:13:46,486 DEBUG S3 Server: PUT Object cloudfs/1
2015-12-11 03:13:49,598 DEBUG S3 Server: PUT Object cloudfs/snapshot_2417650844.tar
2015-12-11 03:14:06,824 DEBUG S3 Server: PUT Object cloudfs/2
2015-12-11 03:14:06,840 DEBUG S3 Server: PUT Object cloudfs/3
2015-12-11 03:14:15,904 DEBUG S3 Server: PUT Object cloudfs/4
2015-12-11 03:14:41,511 DEBUG S3 Server: GET Object cloudfs/snapshot_2417650844.tar
2015-12-11 03:15:02,083 DEBUG S3 Server: GET Object cloudfs/0
2015-12-11 03:15:02,085 DEBUG S3 Server: GET Object cloudfs/0
2015-12-11 03:15:02,088 DEBUG S3 Server: GET Object cloudfs/0
2015-12-11 03:15:02,090 DEBUG S3 Server: GET Object cloudfs/0
2015-12-11 03:15:02,093 DEBUG S3 Server: GET Object cloudfs/0
2015-12-11 03:15:02,096 DEBUG S3 Server: GET Object cloudfs/0
2015-12-11 03:15:02,098 DEBUG S3 Server: GET Object cloudfs/0
2015-12-11 03:15:02,100 DEBUG S3 Server: GET Object cloudfs/0
2015-12-11 03:15:02,103 DEBUG S3 Server: GET Object cloudfs/0
2015-12-11 03:15:02,105 DEBUG S3 Server: GET Object cloudfs/0
2015-12-11 03:15:02,107 DEBUG S3 Server: GET Object cloudfs/1
2015-12-11 03:16:01,327 DEBUG S3 Server: GET Object cloudfs/0
2015-12-11 03:16:01,329 DEBUG S3 Server: GET Object cloudfs/0
2015-12-11 03:16:01,332 DEBUG S3 Server: GET Object cloudfs/0
2015-12-11 03:16:01,334 DEBUG S3 Server: GET Object cloudfs/0
2015-12-11 03:16:01,336 DEBUG S3 Server: GET Object cloudfs/0
2015-12-11 03:16:01,339 DEBUG S3 Server: GET Object cloudfs/0
2015-12-11 03:16:01,342 DEBUG S3 Server: GET Object cloudfs/0
2015-12-11 03:16:01,345 DEBUG S3 Server: GET Object cloudfs/0
2015-12-11 03:16:01,347 DEBUG S3 Server: GET Object cloudfs/1
2015-12-11 03:16:01,350 DEBUG S3 Server: GET Object cloudfs/1
2015-12-11 03:16:14,831 DEBUG S3 Server: GET Object cloudfs/snapshot_2417642766.tar
2015-12-11 03:44:24,573 DEBUG S3 Server: CREATE Bucket cloudfs
2015-12-11 03:44:31,049 DEBUG S3 Server: PUT Object cloudfs/snapshot_2419492295.tar
2015-12-11 03:44:40,810 DEBUG S3 Server: GET Object cloudfs/snapshot_2419492295.tar
2015-12-11 03:49:00,549 DEBUG S3 Server: CREATE Bucket cloudfs
2015-12-11 03:49:04,064 DEBUG S3 Server: PUT Object cloudfs/snapshot_2419765310.tar
2015-12-11 03:49:27,988 DEBUG S3 Server: GET Object cloudfs/snapshot_2419765310.tar
2015-12-11 10:32:01,845 DEBUG S3 Server: CREATE Bucket cloudfs
2015-12-11 10:32:14,437 DEBUG S3 Server: PUT Object cloudfs/snapshot_2443955683.tar
2015-12-11 10:32:20,712 DEBUG S3 Server: PUT Object cloudfs/0
2015-12-11 10:32:20,726 DEBUG S3 Server: PUT Object cloudfs/1
2015-12-11 10:32:23,823 DEBUG S3 Server: PUT Object cloudfs/snapshot_2443965070.tar
2015-12-11 10:33:05,486 DEBUG S3 Server: GET Object cloudfs/0
2015-12-11 10:33:05,487 DEBUG S3 Server: GET Object cloudfs/0
2015-12-11 10:33:05,490 DEBUG S3 Server: GET Object cloudfs/0
2015-12-11 10:33:05,505 DEBUG S3 Server: GET Object cloudfs/0
2015-12-11 10:33:05,507 DEBUG S3 Server: GET Object cloudfs/0
2015-12-11 10:33:05,509 DEBUG S3 Server: GET Object cloudfs/0
2015-12-11 10:33:05,511 DEBUG S3 Server: GET Object cloudfs/0
2015-12-11 10:33:05,513 DEBUG S3 Server: GET Object cloudfs/0
2015-12-11 10:33:05,515 DEBUG S3 Server: GET Object cloudfs/0
2015-12-11 10:33:05,518 DEBUG S3 Server: GET Object cloudfs/0
2015-12-11 10:33:05,520 DEBUG S3 Server: GET Object cloudfs/1
2015-12-11 10:47:56,701 DEBUG S3 Server: CREATE Bucket cloudfs
2015-12-11 10:47:59,611 DEBUG S3 Server: PUT Object cloudfs/snapshot_2444900858.tar
2015-12-11 10:48:10,739 DEBUG S3 Server: PUT Object cloudfs/0
2015-12-11 10:48:10,755 DEBUG S3 Server: PUT Object cloudfs/1
2015-12-11 10:48:13,633 DEBUG S3 Server: PUT Object cloudfs/snapshot_2444914879.tar
2015-12-11 11:30:29,770 DEBUG S3 Server: CREATE Bucket cloudfs
2015-12-11 11:31:04,043 DEBUG S3 Server: CREATE Bucket cloudfs
2015-12-11 11:31:15,490 DEBUG S3 Server: PUT Object cloudfs/snapshot_2447496736.tar
2015-12-11 11:31:18,744 DEBUG S3 Server: PUT Object cloudfs/0
2015-12-11 11:31:18,758 DEBUG S3 Server: PUT Object cloudfs/1
2015-12-11 11:31:20,640 DEBUG S3 Server: PUT Object cloudfs/snapshot_2447501887.tar
2015-12-11 11:31:30,713 DEBUG S3 Server: GET Object cloudfs/snapshot_2447501887.tar
2015-12-11 12:10:27,077 DEBUG S3 Server: CREATE Bucket cloudfs
2015-12-11 12:10:30,118 DEBUG S3 Server: PUT Object cloudfs/snapshot_2449851364.tar
2015-12-11 12:10:37,162 DEBUG S3 Server: PUT Object cloudfs/0
2015-12-11 12:10:37,178 DEBUG S3 Server: PUT Object cloudfs/1
2015-12-11 12:10:40,695 DEBUG S3 Server: PUT Object cloudfs/snapshot_2449861941.tar
2015-12-11 12:10:52,564 DEBUG S3 Server: GET Object cloudfs/snapshot_2449861941.tar
2015-12-11 12:14:24,349 DEBUG S3 Server: GET Object cloudfs/0
2015-12-11 12:14:24,352 DEBUG S3 Server: GET Object cloudfs/0
2015-12-11 12:14:24,355 DEBUG S3 Server: GET Object cloudfs/0
2015-12-11 12:14:24,358 DEBUG S3 Server: GET Object cloudfs/0
2015-12-11 12:14:24,360 DEBUG S3 Server: GET Object cloudfs/0
2015-12-11 12:14:24,363 DEBUG S3 Server: GET Object cloudfs/0
2015-12-11 12:14:24,365 DEBUG S3 Server: GET Object cloudfs/0
2015-12-11 12:14:24,367 DEBUG S3 Server: GET Object cloudfs/0
2015-12-11 12:14:24,369 DEBUG S3 Server: GET Object cloudfs/0
2015-12-11 12:14:24,372 DEBUG S3 Server: GET Object cloudfs/0
2015-12-11 12:14:24,374 DEBUG S3 Server: GET Object cloudfs/1
2015-12-11 12:31:12,712 DEBUG S3 Server: CREATE Bucket cloudfs
2015-12-11 12:31:15,981 DEBUG S3 Server: PUT Object cloudfs/snapshot_2451097227.tar
2015-12-11 12:31:24,657 DEBUG S3 Server: PUT Object cloudfs/0
2015-12-11 12:31:24,670 DEBUG S3 Server: PUT Object cloudfs/1
2015-12-11 12:31:27,135 DEBUG S3 Server: PUT Object cloudfs/snapshot_2451108381.tar
2015-12-11 12:31:51,516 DEBUG S3 Server: GET Object cloudfs/snapshot_2451108381.tar
2015-12-11 12:32:29,251 DEBUG S3 Server: GET Object cloudfs/0
2015-12-11 12:32:29,253 DEBUG S3 Server: GET Object cloudfs/0
2015-12-11 12:32:29,256 DEBUG S3 Server: GET Object cloudfs/0
2015-12-11 12:34:04,451 DEBUG S3 Server: GET Object cloudfs/0
2015-12-11 12:34:04,452 DEBUG S3 Server: GET Object cloudfs/0
2015-12-11 12:34:04,453 DEBUG S3 Server: GET Object cloudfs/0
2015-12-11 12:34:04,454 DEBUG S3 Server: GET Object cloudfs/0
2015-12-11 12:34:04,456 DEBUG S3 Server: GET Object cloudfs/0
2015-12-11 12:34:04,458 DEBUG S3 Server: GET Object cloudfs/0
2015-12-11 12:34:04,461 DEBUG S3 Server: GET Object cloudfs/0
2015-12-11 12:34:04,463 DEBUG S3 Server: GET Object cloudfs/0
2015-12-11 12:34:04,465 DEBUG S3 Server: GET Object cloudfs/1
2015-12-11 15:02:32,487 DEBUG S3 Server: CREATE Bucket cloudfs
2015-12-11 15:03:50,340 DEBUG S3 Server: PUT Object cloudfs/snapshot_2460251586.tar
2015-12-11 15:03:59,779 DEBUG S3 Server: PUT Object cloudfs/0
2015-12-11 15:03:59,794 DEBUG S3 Server: PUT Object cloudfs/1
2015-12-11 15:04:01,771 DEBUG S3 Server: PUT Object cloudfs/snapshot_2460263018.tar
2015-12-11 15:04:13,517 DEBUG S3 Server: GET Object cloudfs/snapshot_2460263018.tar
2015-12-11 15:04:50,596 DEBUG S3 Server: GET Object cloudfs/0
2015-12-11 15:04:50,598 DEBUG S3 Server: GET Object cloudfs/0
2015-12-11 15:04:50,600 DEBUG S3 Server: GET Object cloudfs/0
2015-12-11 15:04:50,603 DEBUG S3 Server: GET Object cloudfs/0
2015-12-11 15:04:50,605 DEBUG S3 Server: GET Object cloudfs/0
2015-12-11 15:04:50,608 DEBUG S3 Server: GET Object cloudfs/0
2015-12-11 15:04:50,610 DEBUG S3 Server: GET Object cloudfs/0
2015-12-11 15:04:50,615 DEBUG S3 Server: GET Object cloudfs/0
2015-12-11 15:04:50,618 DEBUG S3 Server: GET Object cloudfs/0
2015-12-11 15:04:50,621 DEBUG S3 Server: GET Object cloudfs/0
2015-12-11 15:04:50,623 DEBUG S3 Server: GET Object cloudfs/1
2015-12-11 19:53:26,277 DEBUG S3 Server: CREATE Bucket cloudfs
